2022-04-10 15:38:54,103 INFO  - add_to_cart: exit func with ret=True
2022-04-10 15:38:54,109 INFO  - publish: start func with producer_id=%(producer_id), product=%(product)
2022-04-10 15:38:54,110 INFO  - publish: start func with producer_id=%(producer_id), product=%(product)
2022-04-10 15:38:54,110 INFO  - publish: start func with producer_id=%(producer_id), product=%(product)
2022-04-10 15:38:54,118 INFO  - publish: start func with producer_id=%(producer_id), product=%(product)
2022-04-10 15:38:54,119 INFO  - publish: start func with producer_id=%(producer_id), product=%(product)
2022-04-10 15:38:54,119 INFO  - publish: start func with producer_id=%(producer_id), product=%(product)
2022-04-10 15:38:54,122 INFO  - publish: start func with producer_id=%(producer_id), product=%(product)
2022-04-10 15:38:54,122 INFO  - publish: start func with producer_id=%(producer_id), product=%(product)
2022-04-10 15:38:54,132 INFO  - publish: start func with producer_id=%(producer_id), product=%(product)
2022-04-10 15:38:54,133 INFO  - publish: start func with producer_id=%(producer_id), product=%(product)
2022-04-10 15:38:54,155 INFO  - publish: start func with producer_id=%(producer_id), product=%(product)
2022-04-10 15:38:54,160 INFO  - publish: start func with producer_id=%(producer_id), product=%(product)
2022-04-10 15:38:54,163 INFO  - publish: start func with producer_id=%(producer_id), product=%(product)
2022-04-10 15:38:54,172 INFO  - remove_from_cart: start func with cart_id=%(cart_id), product=%(product)
2022-04-10 15:38:54,172 INFO  - publish: exit func ret=False
2022-04-10 15:38:54,172 INFO  - publish: exit func ret=False
2022-04-10 15:38:54,172 INFO  - publish: exit func ret=False
2022-04-10 15:38:54,173 INFO  - publish: exit func ret=True
2022-04-10 15:38:54,173 INFO  - publish: exit func ret=True
2022-04-10 15:38:54,173 INFO  - publish: exit func ret=True
2022-04-10 15:38:54,174 INFO  - publish: exit func ret=False
2022-04-10 15:38:54,174 INFO  - publish: exit func ret=True
2022-04-10 15:38:54,174 INFO  - publish: exit func ret=False
2022-04-10 15:38:54,174 INFO  - publish: exit func ret=False
2022-04-10 15:38:54,174 INFO  - publish: exit func ret=False
2022-04-10 15:38:54,175 INFO  - publish: exit func ret=True
2022-04-10 15:38:54,175 INFO  - publish: exit func ret=False
2022-04-10 15:38:54,175 INFO  - remove_from_cart: exit func
2022-04-10 15:38:54,178 INFO  - remove_from_cart: start func with cart_id=%(cart_id), product=%(product)
2022-04-10 15:38:54,178 INFO  - remove_from_cart: exit func
2022-04-10 15:38:54,178 INFO  - remove_from_cart: start func with cart_id=%(cart_id), product=%(product)
2022-04-10 15:38:54,178 INFO  - remove_from_cart: exit func
2022-04-10 15:38:54,178 INFO  - place_order: start func with cart_id=%(cart_id) and returned
2022-04-10 15:38:54,178 INFO  - add_to_cart: start func with cart_id=%(cart_id), product=%(product)
2022-04-10 15:38:54,179 INFO  - add_to_cart: exit func with ret=True
2022-04-10 15:38:54,179 INFO  - add_to_cart: start func with cart_id=%(cart_id), product=%(product)
2022-04-10 15:38:54,179 INFO  - add_to_cart: exit func with ret=True
2022-04-10 15:38:54,179 INFO  - add_to_cart: start func with cart_id=%(cart_id), product=%(product)
2022-04-10 15:38:54,179 INFO  - add_to_cart: exit func with ret=True
2022-04-10 15:38:54,179 INFO  - add_to_cart: start func with cart_id=%(cart_id), product=%(product)
2022-04-10 15:38:54,180 INFO  - add_to_cart: exit func with ret=True
2022-04-10 15:38:54,180 INFO  - remove_from_cart: start func with cart_id=%(cart_id), product=%(product)
2022-04-10 15:38:54,180 INFO  - remove_from_cart: exit func
2022-04-10 15:38:54,180 INFO  - place_order: start func with cart_id=%(cart_id) and returned
2022-04-10 15:38:54,180 INFO  - new_cart: start func
2022-04-10 15:38:54,181 INFO  - new_cart: exit func
2022-04-10 15:38:54,181 INFO  - add_to_cart: start func with cart_id=%(cart_id), product=%(product)
2022-04-10 15:38:54,181 INFO  - add_to_cart: exit func with ret=True
2022-04-10 15:38:54,181 INFO  - add_to_cart: start func with cart_id=%(cart_id), product=%(product)
2022-04-10 15:38:54,181 INFO  - add_to_cart: exit func with ret=True
2022-04-10 15:38:54,181 INFO  - add_to_cart: start func with cart_id=%(cart_id), product=%(product)
2022-04-10 15:38:54,182 INFO  - add_to_cart: exit func with ret=True
2022-04-10 15:38:54,182 INFO  - add_to_cart: start func with cart_id=%(cart_id), product=%(product)
2022-04-10 15:38:54,182 INFO  - add_to_cart: exit func with ret=True
2022-04-10 15:38:54,182 INFO  - publish: start func with producer_id=%(producer_id), product=%(product)
2022-04-10 15:38:54,182 INFO  - add_to_cart: start func with cart_id=%(cart_id), product=%(product)
2022-04-10 15:38:54,182 INFO  - publish: exit func ret=True
2022-04-10 15:38:54,183 INFO  - add_to_cart: exit func with ret=True
2022-04-10 15:38:54,183 INFO  - place_order: start func with cart_id=%(cart_id) and returned
2022-04-10 15:38:54,183 INFO  - new_cart: start func
2022-04-10 15:38:54,183 INFO  - new_cart: exit func
2022-04-10 15:38:54,183 INFO  - add_to_cart: start func with cart_id=%(cart_id), product=%(product)
2022-04-10 15:38:54,184 INFO  - add_to_cart: exit func with ret=True
2022-04-10 15:38:54,184 INFO  - add_to_cart: start func with cart_id=%(cart_id), product=%(product)
2022-04-10 15:38:54,184 INFO  - add_to_cart: exit func with ret=True
2022-04-10 15:38:54,184 INFO  - add_to_cart: start func with cart_id=%(cart_id), product=%(product)
2022-04-10 15:38:54,184 INFO  - add_to_cart: exit func with ret=True
2022-04-10 15:38:54,184 INFO  - add_to_cart: start func with cart_id=%(cart_id), product=%(product)
2022-04-10 15:38:54,184 INFO  - add_to_cart: exit func with ret=True
2022-04-10 15:38:54,185 INFO  - add_to_cart: start func with cart_id=%(cart_id), product=%(product)
2022-04-10 15:38:54,185 INFO  - add_to_cart: exit func with ret=True
2022-04-10 15:38:54,185 INFO  - add_to_cart: start func with cart_id=%(cart_id), product=%(product)
2022-04-10 15:38:54,185 INFO  - add_to_cart: exit func with ret=True
2022-04-10 15:38:54,185 INFO  - place_order: start func with cart_id=%(cart_id) and returned
2022-04-10 15:38:54,185 INFO  - new_cart: start func
2022-04-10 15:38:54,186 INFO  - new_cart: exit func
2022-04-10 15:38:54,186 INFO  - add_to_cart: start func with cart_id=%(cart_id), product=%(product)
2022-04-10 15:38:54,186 INFO  - add_to_cart: exit func with ret=True
2022-04-10 15:38:54,186 INFO  - add_to_cart: start func with cart_id=%(cart_id), product=%(product)
2022-04-10 15:38:54,186 INFO  - add_to_cart: exit func with ret=True
2022-04-10 15:38:54,186 INFO  - add_to_cart: start func with cart_id=%(cart_id), product=%(product)
2022-04-10 15:38:54,187 INFO  - add_to_cart: exit func with ret=True
2022-04-10 15:38:54,187 INFO  - add_to_cart: start func with cart_id=%(cart_id), product=%(product)
2022-04-10 15:38:54,187 INFO  - add_to_cart: exit func with ret=True
2022-04-10 15:38:54,187 INFO  - add_to_cart: start func with cart_id=%(cart_id), product=%(product)
2022-04-10 15:38:54,187 INFO  - add_to_cart: exit func with ret=True
2022-04-10 15:38:54,187 INFO  - add_to_cart: start func with cart_id=%(cart_id), product=%(product)
2022-04-10 15:38:54,188 INFO  - add_to_cart: exit func with ret=True
2022-04-10 15:38:54,188 INFO  - add_to_cart: start func with cart_id=%(cart_id), product=%(product)
2022-04-10 15:38:54,188 INFO  - add_to_cart: exit func with ret=True
2022-04-10 15:38:54,188 INFO  - add_to_cart: start func with cart_id=%(cart_id), product=%(product)
2022-04-10 15:38:54,188 INFO  - add_to_cart: exit func with ret=True
2022-04-10 15:38:54,188 INFO  - remove_from_cart: start func with cart_id=%(cart_id), product=%(product)
2022-04-10 15:38:54,189 INFO  - remove_from_cart: exit func
2022-04-10 15:38:54,189 INFO  - place_order: start func with cart_id=%(cart_id) and returned
2022-04-10 15:38:54,189 INFO  - publish: start func with producer_id=%(producer_id), product=%(product)
2022-04-10 15:38:54,189 INFO  - new_cart: start func
2022-04-10 15:38:54,189 INFO  - publish: exit func ret=False
2022-04-10 15:38:54,189 INFO  - new_cart: exit func
2022-04-10 15:38:54,190 INFO  - add_to_cart: start func with cart_id=%(cart_id), product=%(product)
2022-04-10 15:38:54,190 INFO  - add_to_cart: exit func with ret=True
2022-04-10 15:38:54,190 INFO  - add_to_cart: start func with cart_id=%(cart_id), product=%(product)
2022-04-10 15:38:54,190 INFO  - add_to_cart: exit func with ret=True
2022-04-10 15:38:54,190 INFO  - add_to_cart: start func with cart_id=%(cart_id), product=%(product)
2022-04-10 15:38:54,191 INFO  - add_to_cart: exit func with ret=True
2022-04-10 15:38:54,191 INFO  - add_to_cart: start func with cart_id=%(cart_id), product=%(product)
2022-04-10 15:38:54,191 INFO  - add_to_cart: exit func with ret=True
2022-04-10 15:38:54,191 INFO  - add_to_cart: start func with cart_id=%(cart_id), product=%(product)
2022-04-10 15:38:54,191 INFO  - add_to_cart: exit func with ret=True
2022-04-10 15:38:54,191 INFO  - add_to_cart: start func with cart_id=%(cart_id), product=%(product)
2022-04-10 15:38:54,192 INFO  - add_to_cart: exit func with ret=True
2022-04-10 15:38:54,192 INFO  - add_to_cart: start func with cart_id=%(cart_id), product=%(product)
2022-04-10 15:38:54,192 INFO  - add_to_cart: exit func with ret=True
2022-04-10 15:38:54,192 INFO  - place_order: start func with cart_id=%(cart_id) and returned
